<?xml version="1.0" encoding="UTF-8"?>
<!-- Generated by org.testng.reporters.JUnitXMLReporter -->
<testsuite hostname="WTIN01500385L" ignored="0" name="01_AutoUpload" tests="1" failures="0" timestamp="04 Mar 2018 19:26:46 GMT" time="0.014" errors="0">
  <testcase name="@BeforeSuite checkSuiteSkip" time="0.0" classname="org.tcoe.scn.regressionTestSuite.RegressionTestSuiteBase">
    <skipped/>
  </testcase> <!-- @BeforeSuite checkSuiteSkip -->
  <testcase name="@BeforeTest checkTestSkip" time="0.0" classname="org.tcoe.scn.regressionTestSuite.TestCase1">
    <skipped/>
  </testcase> <!-- @BeforeTest checkTestSkip -->
  <testcase name="@AfterMethod reportDataSetResult" time="0.0" classname="org.tcoe.scn.regressionTestSuite.TestCase1">
    <skipped/>
  </testcase> <!-- @AfterMethod reportDataSetResult -->
  <testcase name="@AfterTest reportTestResult" time="0.0" classname="org.tcoe.scn.regressionTestSuite.TestCase1">
    <skipped/>
  </testcase> <!-- @AfterTest reportTestResult -->
  <testcase name="idmsHomeLoginTest" time="0.0" classname="org.tcoe.scn.regressionTestSuite.TestCase1">
    <skipped/>
  </testcase> <!-- idmsHomeLoginTest -->
</testsuite> <!-- 01_AutoUpload -->
