<?xml version="1.0" encoding="UTF-8"?>
<!-- Generated by org.testng.reporters.JUnitXMLReporter -->
<testsuite hostname="WTIN01500385L" ignored="0" name="TestCase1" tests="1" failures="0" timestamp="04 Mar 2018 20:18:18 GMT" time="0.019" errors="0">
  <testcase name="@BeforeSuite checkSuiteSkip" time="0.0" classname="org.tcoe.scn.apiTestSuite.APITestSuiteBase">
    <skipped/>
  </testcase> <!-- @BeforeSuite checkSuiteSkip -->
  <testcase name="@BeforeTest checkTestSkip" time="0.0" classname="org.tcoe.scn.apiTestSuite.TestCase1">
    <skipped/>
  </testcase> <!-- @BeforeTest checkTestSkip -->
  <testcase name="@AfterMethod reportDataSetResult" time="0.0" classname="org.tcoe.scn.apiTestSuite.TestCase1">
    <skipped/>
  </testcase> <!-- @AfterMethod reportDataSetResult -->
  <testcase name="@AfterTest reportTestResult" time="0.0" classname="org.tcoe.scn.apiTestSuite.TestCase1">
    <skipped/>
  </testcase> <!-- @AfterTest reportTestResult -->
  <testcase name="idmsHomeLoginTest" time="0.0" classname="org.tcoe.scn.apiTestSuite.TestCase1">
    <skipped/>
  </testcase> <!-- idmsHomeLoginTest -->
</testsuite> <!-- TestCase1 -->
