<?xml version="1.0" encoding="UTF-8"?>
<testng-results ignored="0" total="1" passed="1" failed="0" skipped="0">
  <reporter-output>
  </reporter-output>
  <suite started-at="2019-04-08T17:24:30Z" name="Default suite" finished-at="2019-04-08T17:25:10Z" duration-ms="40072">
    <groups>
    </groups>
    <test started-at="2019-04-08T17:24:30Z" name="Default test" finished-at="2019-04-08T17:25:10Z" duration-ms="40072">
      <class name="org.tcoe.scn.regressionTestSuite.TestCase3">
        <test-method is-config="true" signature="checkSuiteSkip()[pri:0, instance:org.tcoe.scn.regressionTestSuite.TestCase3@ccb4b1b]" started-at="2019-04-08T17:24:30Z" name="checkSuiteSkip" finished-at="2019-04-08T17:24:30Z" duration-ms="17" status="PASS">
          <reporter-output>
          </reporter-output>
        </test-method> <!-- checkSuiteSkip -->
        <test-method is-config="true" signature="checkTestSkip()[pri:0, instance:org.tcoe.scn.regressionTestSuite.TestCase3@ccb4b1b]" started-at="2019-04-08T17:24:30Z" name="checkTestSkip" finished-at="2019-04-08T17:24:30Z" duration-ms="2" status="PASS">
          <reporter-output>
          </reporter-output>
        </test-method> <!-- checkTestSkip -->
        <test-method signature="loginTest()[pri:0, instance:org.tcoe.scn.regressionTestSuite.TestCase3@ccb4b1b]" started-at="2019-04-08T17:24:30Z" name="loginTest" finished-at="2019-04-08T17:25:09Z" duration-ms="38731" status="PASS">
          <reporter-output>
          </reporter-output>
        </test-method> <!-- loginTest -->
        <test-method is-config="true" signature="reportDataSetResult()[pri:0, instance:org.tcoe.scn.regressionTestSuite.TestCase3@ccb4b1b]" started-at="2019-04-08T17:25:09Z" name="reportDataSetResult" finished-at="2019-04-08T17:25:10Z" duration-ms="902" status="PASS">
          <reporter-output>
          </reporter-output>
        </test-method> <!-- reportDataSetResult -->
        <test-method is-config="true" signature="reportTestResult()[pri:0, instance:org.tcoe.scn.regressionTestSuite.TestCase3@ccb4b1b]" started-at="2019-04-08T17:25:10Z" name="reportTestResult" finished-at="2019-04-08T17:25:10Z" duration-ms="422" status="PASS">
          <reporter-output>
          </reporter-output>
        </test-method> <!-- reportTestResult -->
      </class> <!-- org.tcoe.scn.regressionTestSuite.TestCase3 -->
    </test> <!-- Default test -->
  </suite> <!-- Default suite -->
</testng-results>
